# JRE version: Java(TM) SE Runtime Environment (9.0+11) (build 9.0.4+11)
# Java VM: Java HotSpot(TM) 64-Bit Server VM (9.0.4+11, mixed mode, tiered, compressed oops, g1 gc, windows-amd64)
Heap:
 garbage-first heap   total 189440K, used 91421K [0x0000000700000000, 0x00000007001005c8, 0x00000007c0000000)
  region size 1024K, 11 young (11264K), 1 survivors (1024K)
 Metaspace       used 85072K, capacity 91285K, committed 91648K, reserved 1128448K
  class space    used 11635K, capacity 12715K, committed 12800K, reserved 1048576K
GC Heap History (10 events):
Event: 1136.862 GC heap before
{Heap before GC invocations=266 (full 33):
 garbage-first heap   total 189440K, used 141925K [0x0000000700000000, 0x00000007001005c8, 0x00000007c0000000)
  region size 1024K, 60 young (61440K), 2 survivors (2048K)
 Metaspace       used 84989K, capacity 91189K, committed 91392K, reserved 1128448K
  class space    used 11627K, capacity 12683K, committed 12800K, reserved 1048576K
}
Event: 1136.867 GC heap after
{Heap after GC invocations=267 (full 33):
 garbage-first heap   total 189440K, used 82081K [0x0000000700000000, 0x00000007001005c8, 0x00000007c0000000)
  region size 1024K, 1 young (1024K), 1 survivors (1024K)
 Metaspace       used 84989K, capacity 91189K, committed 91392K, reserved 1128448K
  class space    used 11627K, capacity 12683K, committed 12800K, reserved 1048576K
}
Event: 1137.295 GC heap before
{Heap before GC invocations=267 (full 33):
 garbage-first heap   total 189440K, used 142497K [0x0000000700000000, 0x00000007001005c8, 0x00000007c0000000)
  region size 1024K, 60 young (61440K), 1 survivors (1024K)
 Metaspace       used 84991K, capacity 91189K, committed 91392K, reserved 1128448K
  class space    used 11627K, capacity 12683K, committed 12800K, reserved 1048576K
}
Event: 1137.299 GC heap after
{Heap after GC invocations=268 (full 33):
 garbage-first heap   total 189440K, used 82034K [0x0000000700000000, 0x00000007001005c8, 0x00000007c0000000)
  region size 1024K, 1 young (1024K), 1 survivors (1024K)
 Metaspace       used 84991K, capacity 91189K, committed 91392K, reserved 1128448K
  class space    used 11627K, capacity 12683K, committed 12800K, reserved 1048576K
}
Event: 1138.628 GC heap before
{Heap before GC invocations=268 (full 33):
 garbage-first heap   total 189440K, used 142450K [0x0000000700000000, 0x00000007001005c8, 0x00000007c0000000)
  region size 1024K, 60 young (61440K), 1 survivors (1024K)
 Metaspace       used 84994K, capacity 91189K, committed 91392K, reserved 1128448K
  class space    used 11627K, capacity 12683K, committed 12800K, reserved 1048576K
}
Event: 1138.633 GC heap after
{Heap after GC invocations=269 (full 33):
 garbage-first heap   total 189440K, used 82106K [0x0000000700000000, 0x00000007001005c8, 0x00000007c0000000)
  region size 1024K, 1 young (1024K), 1 survivors (1024K)
 Metaspace       used 84994K, capacity 91189K, committed 91392K, reserved 1128448K
  class space    used 11627K, capacity 12683K, committed 12800K, reserved 1048576K
}
Event: 1139.317 GC heap before
{Heap before GC invocations=269 (full 33):
 garbage-first heap   total 189440K, used 142522K [0x0000000700000000, 0x00000007001005c8, 0x00000007c0000000)
  region size 1024K, 60 young (61440K), 1 survivors (1024K)
 Metaspace       used 84996K, capacity 91189K, committed 91392K, reserved 1128448K
  class space    used 11627K, capacity 12683K, committed 12800K, reserved 1048576K
}
Event: 1139.320 GC heap after
{Heap after GC invocations=270 (full 33):
 garbage-first heap   total 189440K, used 82142K [0x0000000700000000, 0x00000007001005c8, 0x00000007c0000000)
  region size 1024K, 1 young (1024K), 1 survivors (1024K)
 Metaspace       used 84996K, capacity 91189K, committed 91392K, reserved 1128448K
  class space    used 11627K, capacity 12683K, committed 12800K, reserved 1048576K
}
Event: 1150.520 GC heap before
{Heap before GC invocations=270 (full 33):
 garbage-first heap   total 189440K, used 142558K [0x0000000700000000, 0x00000007001005c8, 0x00000007c0000000)
  region size 1024K, 60 young (61440K), 1 survivors (1024K)
 Metaspace       used 85046K, capacity 91285K, committed 91648K, reserved 1128448K
  class space    used 11634K, capacity 12715K, committed 12800K, reserved 1048576K
}
Event: 1150.524 GC heap after
{Heap after GC invocations=271 (full 33):
 garbage-first heap   total 189440K, used 82205K [0x0000000700000000, 0x00000007001005c8, 0x00000007c0000000)
  region size 1024K, 1 young (1024K), 1 survivors (1024K)
 Metaspace       used 85046K, capacity 91285K, committed 91648K, reserved 1128448K
  class space    used 11634K, capacity 12715K, committed 12800K, reserved 1048576K
}

